Array
(
    [roomPhotos] => Array
        (
            [name] => Array
                (
                    [0] => download (9).jpeg
                    [1] => download (10).jpeg
                    [2] => download (11).jpeg
                )

            [full_path] => Array
                (
                    [0] => download (9).jpeg
                    [1] => download (10).jpeg
                    [2] => download (11).jpeg
                )

            [type] => Array
                (
                    [0] => image/jpeg
                    [1] => image/jpeg
                    [2] => image/jpeg
                )

            [tmp_name] => Array
                (
                    [0] => /private/var/tmp/phpmiov5sbh5hbj2klDOx7
                    [1] => /private/var/tmp/phppbkkh78hook3cQhi6HG
                    [2] => /private/var/tmp/php5dlq3abq5ldc6mXV2Ag
                )

            [error] => Array
                (
                    [0] => 0
                    [1] => 0
                    [2] => 0
                )

            [size] => Array
                (
                    [0] => 12997
                    [1] => 89779
                    [2] => 70225
                )

        )

)
